<?xml version="1.0" encoding="UTF-8"?>
<testsuite name="TestSuite" time="22.04" tests="4" errors="0" skipped="0" failures="2">
  <properties>
[...]
</properties>
  <testcase name="loginTest" classname="com.inetbanking.testcases.TC_LoginTest_001" time="2.984">
    <failure message="expected [true] but found [false]" type="java.lang.AssertionError">java.lang.AssertionError: expected [true] but found [false]
	at org.testng.Assert.fail(Assert.java:97)
	at org.testng.Assert.failNotEquals(Assert.java:969)
	at org.testng.Assert.assertTrue(Assert.java:43)
	at org.testng.Assert.assertTrue(Assert.java:53)
	at com.inetbanking.testcases.TC_LoginTest_001.loginTest(TC_LoginTest_001.java:30)
</failure>
    <system-out><![CDATA[[main] INFO  ebanking  - url is opened
[main] INFO  ebanking  - entered username
[main] INFO  ebanking  - entered password
screenshot taken
]]></system-out>
    <system-err><![CDATA[Starting ChromeDriver 85.0.4183.87 (cd6713ebf92fa1cacc0f1a598df280093af0c5d7-refs/branch-heads/4183@{#1689}) on port 4202
Only local connections are allowed.
Please see https://chromedriver.chromium.org/security-considerations for suggestions on keeping ChromeDriver safe.
ChromeDriver was started successfully.
[1602657247.709][WARNING]: This version of ChromeDriver has not been tested with Chrome version 86.
Oct 14, 2020 12:04:09 PM org.openqa.selenium.remote.ProtocolHandshake createSession
INFO: Detected dialect: W3C
log4j:ERROR Could not find value for key log4j.appender.CONSOLE
log4j:ERROR Could not instantiate appender named "CONSOLE".
]]></system-err>
  </testcase>
  <testcase name="loginDDT" classname="com.inetbanking.testcases.TC_LoginTestDD_002" time="6.582"/>
  <testcase name="loginDDT" classname="com.inetbanking.testcases.TC_LoginTestDD_002" time="3.862">
    <failure message="unexpected alert open: {Alert text : User or Password is not valid}&#10;  (Session info: chrome=86.0.4240.75): User or Password is not valid&#10;Build info: version: &apos;3.141.59&apos;, revision: &apos;e82be7d358&apos;, time: &apos;2018-11-14T08:17:03&apos;&#10;System info: host: &apos;DESKTOP-GC2GFVO&apos;, ip: &apos;192.168.43.85&apos;, os.name: &apos;Windows 10&apos;, os.arch: &apos;amd64&apos;, os.version: &apos;10.0&apos;, java.version: &apos;11.0.8&apos;&#10;Driver info: org.openqa.selenium.chrome.ChromeDriver&#10;Capabilities {acceptInsecureCerts: false, browserName: chrome, browserVersion: 86.0.4240.75, chrome: {chromedriverVersion: 85.0.4183.87 (cd6713ebf92fa..., userDataDir: C:\Windows\TEMP\scoped_dir1...}, goog:chromeOptions: {debuggerAddress: localhost:52193}, javascriptEnabled: true, networkConnectionEnabled: false, pageLoadStrategy: normal, platform: WINDOWS, platformName: WINDOWS, proxy: Proxy(), setWindowRect: true, strictFileInteractability: false, timeouts: {implicit: 0, pageLoad: 300000, script: 30000}, unhandledPromptBehavior: dismiss and notify, webauthn:virtualAuthenticators: true}&#10;Session ID: 674475a347f46e8e9ed20295a7384500" type="org.openqa.selenium.UnhandledAlertException">org.openqa.selenium.UnhandledAlertException: unexpected alert open: {Alert text : User or Password is not valid}
  (Session info: chrome=86.0.4240.75): User or Password is not valid
Build info: version: '3.141.59', revision: 'e82be7d358', time: '2018-11-14T08:17:03'
System info: host: 'DESKTOP-GC2GFVO', ip: '192.168.43.85', os.name: 'Windows 10', os.arch: 'amd64', os.version: '10.0', java.version: '11.0.8'
Driver info: org.openqa.selenium.chrome.ChromeDriver
Capabilities {acceptInsecureCerts: false, browserName: chrome, browserVersion: 86.0.4240.75, chrome: {chromedriverVersion: 85.0.4183.87 (cd6713ebf92fa..., userDataDir: C:\Windows\TEMP\scoped_dir1...}, goog:chromeOptions: {debuggerAddress: localhost:52193}, javascriptEnabled: true, networkConnectionEnabled: false, pageLoadStrategy: normal, platform: WINDOWS, platformName: WINDOWS, proxy: Proxy(), setWindowRect: true, strictFileInteractability: false, timeouts: {implicit: 0, pageLoad: 300000, script: 30000}, unhandledPromptBehavior: dismiss and notify, webauthn:virtualAuthenticators: true}
Session ID: 674475a347f46e8e9ed20295a7384500
	at org.openqa.selenium.remote.http.W3CHttpResponseCodec.decode(W3CHttpResponseCodec.java:120)
	at org.openqa.selenium.remote.http.W3CHttpResponseCodec.decode(W3CHttpResponseCodec.java:49)
	at org.openqa.selenium.remote.HttpCommandExecutor.execute(HttpCommandExecutor.java:158)
	at org.openqa.selenium.remote.service.DriverCommandExecutor.execute(DriverCommandExecutor.java:83)
	at org.openqa.selenium.remote.RemoteWebDriver.execute(RemoteWebDriver.java:552)
	at org.openqa.selenium.remote.RemoteWebDriver.execute(RemoteWebDriver.java:609)
	at org.openqa.selenium.remote.RemoteWebDriver.getScreenshotAs(RemoteWebDriver.java:295)
	at com.inetbanking.testcases.BaseClass.captureScreen(BaseClass.java:62)
	at com.inetbanking.testcases.TC_LoginTestDD_002.loginDDT(TC_LoginTestDD_002.java:25)
</failure>
    <system-out><![CDATA[[main] INFO  ebanking  - provided username
[main] INFO  ebanking  - provided password
]]></system-out>
  </testcase>
  <testcase name="addNewCustomer" classname="com.inetbanking.testcases.TC_AddNewCustomer_003" time="12.474"/>
</testsuite>